<?xml version="1.0" encoding="UTF-8"?>
<testsuite xmlns:xsi="http://www.w3.org/2001/XMLSchema-instance" xsi:noNamespaceSchemaLocation="https://maven.apache.org/surefire/maven-surefire-plugin/xsd/surefire-test-report.xsd" name="ApplicationTest" time="0.284" tests="2" errors="0" skipped="0" failures="0">
  <properties>
    <property name="gopherProxySet" value="false"/>
    <property name="awt.toolkit" value="sun.lwawt.macosx.LWCToolkit"/>
    <property name="file.encoding.pkg" value="sun.io"/>
    <property name="java.specification.version" value="1.8"/>
    <property name="sun.cpu.isalist" value=""/>
    <property name="sun.jnu.encoding" value="UTF-8"/>
    <property name="java.class.path" value="/Users/crux/Templates/my-ktor/target/test-classes:/Users/crux/Templates/my-ktor/target/classes:/Users/crux/.m2/repository/org/jetbrains/kotlin/kotlin-stdlib/1.3.20/kotlin-stdlib-1.3.20.jar:/Users/crux/.m2/repository/org/jetbrains/kotlin/kotlin-stdlib-common/1.3.20/kotlin-stdlib-common-1.3.20.jar:/Users/crux/.m2/repository/org/jetbrains/annotations/13.0/annotations-13.0.jar:/Users/crux/.m2/repository/io/kotlintest/kotlintest-runner-junit5/3.1.8/kotlintest-runner-junit5-3.1.8.jar:/Users/crux/.m2/repository/io/kotlintest/kotlintest-core/3.1.8/kotlintest-core-3.1.8.jar:/Users/crux/.m2/repository/io/kotlintest/kotlintest-assertions/3.1.8/kotlintest-assertions-3.1.8.jar:/Users/crux/.m2/repository/com/univocity/univocity-parsers/2.6.1/univocity-parsers-2.6.1.jar:/Users/crux/.m2/repository/io/kotlintest/kotlintest-runner-jvm/3.1.8/kotlintest-runner-jvm-3.1.8.jar:/Users/crux/.m2/repository/org/reflections/reflections/0.9.11/reflections-0.9.11.jar:/Users/crux/.m2/repository/com/google/guava/guava/20.0/guava-20.0.jar:/Users/crux/.m2/repository/org/javassist/javassist/3.21.0-GA/javassist-3.21.0-GA.jar:/Users/crux/.m2/repository/io/arrow-kt/arrow-core/0.7.1/arrow-core-0.7.1.jar:/Users/crux/.m2/repository/io/arrow-kt/arrow-annotations/0.7.1/arrow-annotations-0.7.1.jar:/Users/crux/.m2/repository/io/kindedj/kindedj/1.1.0/kindedj-1.1.0.jar:/Users/crux/.m2/repository/org/junit/platform/junit-platform-engine/1.2.0/junit-platform-engine-1.2.0.jar:/Users/crux/.m2/repository/org/apiguardian/apiguardian-api/1.0.0/apiguardian-api-1.0.0.jar:/Users/crux/.m2/repository/org/junit/platform/junit-platform-commons/1.2.0/junit-platform-commons-1.2.0.jar:/Users/crux/.m2/repository/org/opentest4j/opentest4j/1.1.0/opentest4j-1.1.0.jar:/Users/crux/.m2/repository/org/junit/platform/junit-platform-suite-api/1.2.0/junit-platform-suite-api-1.2.0.jar:/Users/crux/.m2/repository/org/junit/platform/junit-platform-launcher/1.2.0/junit-platform-launcher-1.2.0.jar:/Users/crux/.m2/repository/io/ktor/ktor-server-netty/1.1.2/ktor-server-netty-1.1.2.jar:/Users/crux/.m2/repository/org/jetbrains/kotlin/kotlin-reflect/1.3.20/kotlin-reflect-1.3.20.jar:/Users/crux/.m2/repository/org/jetbrains/kotlin/kotlin-stdlib-jdk7/1.3.20/kotlin-stdlib-jdk7-1.3.20.jar:/Users/crux/.m2/repository/org/jetbrains/kotlin/kotlin-stdlib-jdk8/1.3.20/kotlin-stdlib-jdk8-1.3.20.jar:/Users/crux/.m2/repository/org/jetbrains/kotlinx/atomicfu/0.12.1/atomicfu-0.12.1.jar:/Users/crux/.m2/repository/org/slf4j/slf4j-api/1.7.25/slf4j-api-1.7.25.jar:/Users/crux/.m2/repository/com/typesafe/config/1.3.1/config-1.3.1.jar:/Users/crux/.m2/repository/org/jetbrains/kotlinx/kotlinx-coroutines-jdk8/1.1.1/kotlinx-coroutines-jdk8-1.1.1.jar:/Users/crux/.m2/repository/org/jetbrains/kotlinx/kotlinx-coroutines-core/1.1.1/kotlinx-coroutines-core-1.1.1.jar:/Users/crux/.m2/repository/org/jetbrains/kotlinx/kotlinx-coroutines-core-common/1.1.1/kotlinx-coroutines-core-common-1.1.1.jar:/Users/crux/.m2/repository/org/jetbrains/kotlinx/kotlinx-io-jvm/0.1.4/kotlinx-io-jvm-0.1.4.jar:/Users/crux/.m2/repository/org/jetbrains/kotlinx/atomicfu-common/0.12.1/atomicfu-common-0.12.1.jar:/Users/crux/.m2/repository/org/jetbrains/kotlinx/kotlinx-io/0.1.4/kotlinx-io-0.1.4.jar:/Users/crux/.m2/repository/org/jetbrains/kotlinx/kotlinx-coroutines-io-jvm/0.1.4/kotlinx-coroutines-io-jvm-0.1.4.jar:/Users/crux/.m2/repository/org/jetbrains/kotlinx/kotlinx-coroutines-io/0.1.4/kotlinx-coroutines-io-0.1.4.jar:/Users/crux/.m2/repository/io/ktor/ktor-server-host-common/1.1.2/ktor-server-host-common-1.1.2.jar:/Users/crux/.m2/repository/io/ktor/ktor-http-cio/1.1.2/ktor-http-cio-1.1.2.jar:/Users/crux/.m2/repository/io/ktor/ktor-network/1.1.2/ktor-network-1.1.2.jar:/Users/crux/.m2/repository/io/netty/netty-codec-http2/4.1.24.Final/netty-codec-http2-4.1.24.Final.jar:/Users/crux/.m2/repository/io/netty/netty-codec-http/4.1.24.Final/netty-codec-http-4.1.24.Final.jar:/Users/crux/.m2/repository/io/netty/netty-codec/4.1.24.Final/netty-codec-4.1.24.Final.jar:/Users/crux/.m2/repository/io/netty/netty-handler/4.1.24.Final/netty-handler-4.1.24.Final.jar:/Users/crux/.m2/repository/io/netty/netty-buffer/4.1.24.Final/netty-buffer-4.1.24.Final.jar:/Users/crux/.m2/repository/io/netty/netty-common/4.1.24.Final/netty-common-4.1.24.Final.jar:/Users/crux/.m2/repository/io/netty/netty-transport/4.1.24.Final/netty-transport-4.1.24.Final.jar:/Users/crux/.m2/repository/io/netty/netty-resolver/4.1.24.Final/netty-resolver-4.1.24.Final.jar:/Users/crux/.m2/repository/org/eclipse/jetty/alpn/alpn-api/1.1.3.v20160715/alpn-api-1.1.3.v20160715.jar:/Users/crux/.m2/repository/io/ktor/ktor-jackson/1.1.2/ktor-jackson-1.1.2.jar:/Users/crux/.m2/repository/com/fasterxml/jackson/module/jackson-module-kotlin/2.9.2/jackson-module-kotlin-2.9.2.jar:/Users/crux/.m2/repository/com/fasterxml/jackson/core/jackson-databind/2.9.2/jackson-databind-2.9.2.jar:/Users/crux/.m2/repository/com/fasterxml/jackson/core/jackson-core/2.9.2/jackson-core-2.9.2.jar:/Users/crux/.m2/repository/com/fasterxml/jackson/core/jackson-annotations/2.9.0/jackson-annotations-2.9.0.jar:/Users/crux/.m2/repository/io/ktor/ktor-server-core/1.1.2/ktor-server-core-1.1.2.jar:/Users/crux/.m2/repository/io/ktor/ktor-utils-jvm/1.1.2/ktor-utils-jvm-1.1.2.jar:/Users/crux/.m2/repository/io/ktor/ktor-http-jvm/1.1.2/ktor-http-jvm-1.1.2.jar:/Users/crux/.m2/repository/khttp/khttp/0.1.0/khttp-0.1.0.jar:/Users/crux/.m2/repository/org/json/json/20150729/json-20150729.jar:"/>
    <property name="java.vm.vendor" value="Oracle Corporation"/>
    <property name="sun.arch.data.model" value="64"/>
    <property name="java.vendor.url" value="http://java.oracle.com/"/>
    <property name="user.timezone" value=""/>
    <property name="user.country.format" value="HK"/>
    <property name="java.vm.specification.version" value="1.8"/>
    <property name="os.name" value="Mac OS X"/>
    <property name="user.country" value="US"/>
    <property name="sun.java.launcher" value="SUN_STANDARD"/>
    <property name="sun.boot.library.path" value="/Library/Java/JavaVirtualMachines/jdk1.8.0_112.jdk/Contents/Home/jre/lib"/>
    <property name="sun.java.command" value="/Users/crux/Templates/my-ktor/target/surefire/surefirebooter8951765979308392281.jar /Users/crux/Templates/my-ktor/target/surefire 2019-02-02T23-52-13_947-jvmRun1 surefire3698335708413264688tmp surefire_04068858629305488236tmp"/>
    <property name="surefire.test.class.path" value="/Users/crux/Templates/my-ktor/target/test-classes:/Users/crux/Templates/my-ktor/target/classes:/Users/crux/.m2/repository/org/jetbrains/kotlin/kotlin-stdlib/1.3.20/kotlin-stdlib-1.3.20.jar:/Users/crux/.m2/repository/org/jetbrains/kotlin/kotlin-stdlib-common/1.3.20/kotlin-stdlib-common-1.3.20.jar:/Users/crux/.m2/repository/org/jetbrains/annotations/13.0/annotations-13.0.jar:/Users/crux/.m2/repository/io/kotlintest/kotlintest-runner-junit5/3.1.8/kotlintest-runner-junit5-3.1.8.jar:/Users/crux/.m2/repository/io/kotlintest/kotlintest-core/3.1.8/kotlintest-core-3.1.8.jar:/Users/crux/.m2/repository/io/kotlintest/kotlintest-assertions/3.1.8/kotlintest-assertions-3.1.8.jar:/Users/crux/.m2/repository/com/univocity/univocity-parsers/2.6.1/univocity-parsers-2.6.1.jar:/Users/crux/.m2/repository/io/kotlintest/kotlintest-runner-jvm/3.1.8/kotlintest-runner-jvm-3.1.8.jar:/Users/crux/.m2/repository/org/reflections/reflections/0.9.11/reflections-0.9.11.jar:/Users/crux/.m2/repository/com/google/guava/guava/20.0/guava-20.0.jar:/Users/crux/.m2/repository/org/javassist/javassist/3.21.0-GA/javassist-3.21.0-GA.jar:/Users/crux/.m2/repository/io/arrow-kt/arrow-core/0.7.1/arrow-core-0.7.1.jar:/Users/crux/.m2/repository/io/arrow-kt/arrow-annotations/0.7.1/arrow-annotations-0.7.1.jar:/Users/crux/.m2/repository/io/kindedj/kindedj/1.1.0/kindedj-1.1.0.jar:/Users/crux/.m2/repository/org/junit/platform/junit-platform-engine/1.2.0/junit-platform-engine-1.2.0.jar:/Users/crux/.m2/repository/org/apiguardian/apiguardian-api/1.0.0/apiguardian-api-1.0.0.jar:/Users/crux/.m2/repository/org/junit/platform/junit-platform-commons/1.2.0/junit-platform-commons-1.2.0.jar:/Users/crux/.m2/repository/org/opentest4j/opentest4j/1.1.0/opentest4j-1.1.0.jar:/Users/crux/.m2/repository/org/junit/platform/junit-platform-suite-api/1.2.0/junit-platform-suite-api-1.2.0.jar:/Users/crux/.m2/repository/org/junit/platform/junit-platform-launcher/1.2.0/junit-platform-launcher-1.2.0.jar:/Users/crux/.m2/repository/io/ktor/ktor-server-netty/1.1.2/ktor-server-netty-1.1.2.jar:/Users/crux/.m2/repository/org/jetbrains/kotlin/kotlin-reflect/1.3.20/kotlin-reflect-1.3.20.jar:/Users/crux/.m2/repository/org/jetbrains/kotlin/kotlin-stdlib-jdk7/1.3.20/kotlin-stdlib-jdk7-1.3.20.jar:/Users/crux/.m2/repository/org/jetbrains/kotlin/kotlin-stdlib-jdk8/1.3.20/kotlin-stdlib-jdk8-1.3.20.jar:/Users/crux/.m2/repository/org/jetbrains/kotlinx/atomicfu/0.12.1/atomicfu-0.12.1.jar:/Users/crux/.m2/repository/org/slf4j/slf4j-api/1.7.25/slf4j-api-1.7.25.jar:/Users/crux/.m2/repository/com/typesafe/config/1.3.1/config-1.3.1.jar:/Users/crux/.m2/repository/org/jetbrains/kotlinx/kotlinx-coroutines-jdk8/1.1.1/kotlinx-coroutines-jdk8-1.1.1.jar:/Users/crux/.m2/repository/org/jetbrains/kotlinx/kotlinx-coroutines-core/1.1.1/kotlinx-coroutines-core-1.1.1.jar:/Users/crux/.m2/repository/org/jetbrains/kotlinx/kotlinx-coroutines-core-common/1.1.1/kotlinx-coroutines-core-common-1.1.1.jar:/Users/crux/.m2/repository/org/jetbrains/kotlinx/kotlinx-io-jvm/0.1.4/kotlinx-io-jvm-0.1.4.jar:/Users/crux/.m2/repository/org/jetbrains/kotlinx/atomicfu-common/0.12.1/atomicfu-common-0.12.1.jar:/Users/crux/.m2/repository/org/jetbrains/kotlinx/kotlinx-io/0.1.4/kotlinx-io-0.1.4.jar:/Users/crux/.m2/repository/org/jetbrains/kotlinx/kotlinx-coroutines-io-jvm/0.1.4/kotlinx-coroutines-io-jvm-0.1.4.jar:/Users/crux/.m2/repository/org/jetbrains/kotlinx/kotlinx-coroutines-io/0.1.4/kotlinx-coroutines-io-0.1.4.jar:/Users/crux/.m2/repository/io/ktor/ktor-server-host-common/1.1.2/ktor-server-host-common-1.1.2.jar:/Users/crux/.m2/repository/io/ktor/ktor-http-cio/1.1.2/ktor-http-cio-1.1.2.jar:/Users/crux/.m2/repository/io/ktor/ktor-network/1.1.2/ktor-network-1.1.2.jar:/Users/crux/.m2/repository/io/netty/netty-codec-http2/4.1.24.Final/netty-codec-http2-4.1.24.Final.jar:/Users/crux/.m2/repository/io/netty/netty-codec-http/4.1.24.Final/netty-codec-http-4.1.24.Final.jar:/Users/crux/.m2/repository/io/netty/netty-codec/4.1.24.Final/netty-codec-4.1.24.Final.jar:/Users/crux/.m2/repository/io/netty/netty-handler/4.1.24.Final/netty-handler-4.1.24.Final.jar:/Users/crux/.m2/repository/io/netty/netty-buffer/4.1.24.Final/netty-buffer-4.1.24.Final.jar:/Users/crux/.m2/repository/io/netty/netty-common/4.1.24.Final/netty-common-4.1.24.Final.jar:/Users/crux/.m2/repository/io/netty/netty-transport/4.1.24.Final/netty-transport-4.1.24.Final.jar:/Users/crux/.m2/repository/io/netty/netty-resolver/4.1.24.Final/netty-resolver-4.1.24.Final.jar:/Users/crux/.m2/repository/org/eclipse/jetty/alpn/alpn-api/1.1.3.v20160715/alpn-api-1.1.3.v20160715.jar:/Users/crux/.m2/repository/io/ktor/ktor-jackson/1.1.2/ktor-jackson-1.1.2.jar:/Users/crux/.m2/repository/com/fasterxml/jackson/module/jackson-module-kotlin/2.9.2/jackson-module-kotlin-2.9.2.jar:/Users/crux/.m2/repository/com/fasterxml/jackson/core/jackson-databind/2.9.2/jackson-databind-2.9.2.jar:/Users/crux/.m2/repository/com/fasterxml/jackson/core/jackson-core/2.9.2/jackson-core-2.9.2.jar:/Users/crux/.m2/repository/com/fasterxml/jackson/core/jackson-annotations/2.9.0/jackson-annotations-2.9.0.jar:/Users/crux/.m2/repository/io/ktor/ktor-server-core/1.1.2/ktor-server-core-1.1.2.jar:/Users/crux/.m2/repository/io/ktor/ktor-utils-jvm/1.1.2/ktor-utils-jvm-1.1.2.jar:/Users/crux/.m2/repository/io/ktor/ktor-http-jvm/1.1.2/ktor-http-jvm-1.1.2.jar:/Users/crux/.m2/repository/khttp/khttp/0.1.0/khttp-0.1.0.jar:/Users/crux/.m2/repository/org/json/json/20150729/json-20150729.jar:"/>
    <property name="sun.cpu.endian" value="little"/>
    <property name="user.home" value="/Users/crux"/>
    <property name="user.language" value="en"/>
    <property name="java.specification.vendor" value="Oracle Corporation"/>
    <property name="java.home" value="/Library/Java/JavaVirtualMachines/jdk1.8.0_112.jdk/Contents/Home/jre"/>
    <property name="basedir" value="/Users/crux/Templates/my-ktor"/>
    <property name="file.separator" value="/"/>
    <property name="line.separator" value="&#10;"/>
    <property name="java.vm.specification.vendor" value="Oracle Corporation"/>
    <property name="java.specification.name" value="Java Platform API Specification"/>
    <property name="java.awt.graphicsenv" value="sun.awt.CGraphicsEnvironment"/>
    <property name="surefire.real.class.path" value="/Users/crux/Templates/my-ktor/target/surefire/surefirebooter8951765979308392281.jar"/>
    <property name="sun.boot.class.path" value="/Library/Java/JavaVirtualMachines/jdk1.8.0_112.jdk/Contents/Home/jre/lib/resources.jar:/Library/Java/JavaVirtualMachines/jdk1.8.0_112.jdk/Contents/Home/jre/lib/rt.jar:/Library/Java/JavaVirtualMachines/jdk1.8.0_112.jdk/Contents/Home/jre/lib/sunrsasign.jar:/Library/Java/JavaVirtualMachines/jdk1.8.0_112.jdk/Contents/Home/jre/lib/jsse.jar:/Library/Java/JavaVirtualMachines/jdk1.8.0_112.jdk/Contents/Home/jre/lib/jce.jar:/Library/Java/JavaVirtualMachines/jdk1.8.0_112.jdk/Contents/Home/jre/lib/charsets.jar:/Library/Java/JavaVirtualMachines/jdk1.8.0_112.jdk/Contents/Home/jre/lib/jfr.jar:/Library/Java/JavaVirtualMachines/jdk1.8.0_112.jdk/Contents/Home/jre/classes"/>
    <property name="sun.management.compiler" value="HotSpot 64-Bit Tiered Compilers"/>
    <property name="java.runtime.version" value="1.8.0_112-b16"/>
    <property name="user.name" value="crux"/>
    <property name="path.separator" value=":"/>
    <property name="os.version" value="10.13.5"/>
    <property name="java.endorsed.dirs" value="/Library/Java/JavaVirtualMachines/jdk1.8.0_112.jdk/Contents/Home/jre/lib/endorsed"/>
    <property name="java.runtime.name" value="Java(TM) SE Runtime Environment"/>
    <property name="file.encoding" value="UTF-8"/>
    <property name="java.vm.name" value="Java HotSpot(TM) 64-Bit Server VM"/>
    <property name="localRepository" value="/Users/crux/.m2/repository"/>
    <property name="java.vendor.url.bug" value="http://bugreport.sun.com/bugreport/"/>
    <property name="java.io.tmpdir" value="/var/folders/k3/tt_pfff95hg69ndhmy2s984m0000gn/T/"/>
    <property name="java.version" value="1.8.0_112"/>
    <property name="user.dir" value="/Users/crux/Templates/my-ktor"/>
    <property name="os.arch" value="x86_64"/>
    <property name="java.vm.specification.name" value="Java Virtual Machine Specification"/>
    <property name="java.awt.printerjob" value="sun.lwawt.macosx.CPrinterJob"/>
    <property name="sun.os.patch.level" value="unknown"/>
    <property name="java.library.path" value="/Users/crux/Library/Java/Extensions:/Library/Java/Extensions:/Network/Library/Java/Extensions:/System/Library/Java/Extensions:/usr/lib/java:."/>
    <property name="java.vm.info" value="mixed mode"/>
    <property name="java.vendor" value="Oracle Corporation"/>
    <property name="java.vm.version" value="25.112-b16"/>
    <property name="java.ext.dirs" value="/Users/crux/Library/Java/Extensions:/Library/Java/JavaVirtualMachines/jdk1.8.0_112.jdk/Contents/Home/jre/lib/ext:/Library/Java/Extensions:/Network/Library/Java/Extensions:/System/Library/Java/Extensions:/usr/lib/java"/>
    <property name="sun.io.unicode.encoding" value="UnicodeBig"/>
    <property name="java.class.version" value="52.0"/>
  </properties>
  <testcase name="/greeting/{name}" classname="groupId.myKtor.ApplicationTest" time="0.017"/>
  <testcase name="/greeting" classname="groupId.myKtor.ApplicationTest" time="0.018"/>
</testsuite>